[debug] [2022-11-17T09:27:31.073Z] ----------------------------------------------------------------------
[debug] [2022-11-17T09:27:31.077Z] Command:       C:\Program Files\nodejs\node.exe C:\Users\Android Developer\AppData\Roaming\npm\node_modules\firebase-tools\lib\bin\firebase.js init
[debug] [2022-11-17T09:27:31.079Z] CLI Version:   11.16.1
[debug] [2022-11-17T09:27:31.079Z] Platform:      win32
[debug] [2022-11-17T09:27:31.079Z] Node Version:  v18.12.0
[debug] [2022-11-17T09:27:31.080Z] Time:          Thu Nov 17 2022 14:27:31 GMT+0500 (Pakistan Standard Time)
[debug] [2022-11-17T09:27:31.081Z] ----------------------------------------------------------------------
[debug] 
[debug] [2022-11-17T09:27:31.234Z] > command requires scopes: ["email","openid","https://www.googleapis.com/auth/cloudplatformprojects.readonly","https://www.googleapis.com/auth/firebase","https://www.googleapis.com/auth/cloud-platform"]
[debug] [2022-11-17T09:27:31.236Z] > authorizing via signed-in user (iusmansultan@gmail.com)
[info] 
     ######## #### ########  ######## ########     ###     ######  ########
     ##        ##  ##     ## ##       ##     ##  ##   ##  ##       ##
     ######    ##  ########  ######   ########  #########  ######  ######
     ##        ##  ##    ##  ##       ##     ## ##     ##       ## ##
     ##       #### ##     ## ######## ########  ##     ##  ######  ########

You're about to initialize a Firebase project in this directory:

  C:\Users\Android Developer\Desktop\codes\Projects\angular-app-v2

Before we get started, keep in mind:

  * You are initializing within an existing Firebase project directory

